TN:
SF:127.0.0.13000/_next/static/chunks/app/layout.js
FN:15,(anonymous_0)
FN:26,(anonymous_1)
FN:37,(anonymous_2)
FN:48,(anonymous_3)
FN:59,(anonymous_4)
FN:70,(anonymous_5)
FN:81,(anonymous_6)
FN:92,(anonymous_7)
FN:103,(anonymous_8)
FN:114,(anonymous_9)
FN:125,(anonymous_10)
FN:136,(anonymous_11)
FN:147,(anonymous_12)
FN:158,(anonymous_13)
FN:169,(anonymous_14)
FN:180,(anonymous_15)
FN:191,(anonymous_16)
FN:202,(anonymous_17)
FN:213,(anonymous_18)
FN:224,(anonymous_19)
FN:235,(anonymous_20)
FN:246,(anonymous_21)
FN:257,(anonymous_22)
FN:268,(anonymous_23)
FN:279,(anonymous_24)
FN:290,(anonymous_25)
FN:301,(anonymous_26)
FN:312,(anonymous_27)
FN:323,(anonymous_28)
FN:334,(anonymous_29)
FN:345,(anonymous_30)
FN:356,(anonymous_31)
FN:367,(anonymous_32)
FN:378,(anonymous_33)
FN:389,(anonymous_34)
FN:400,(anonymous_35)
FN:411,(anonymous_36)
FN:422,(anonymous_37)
FN:433,(anonymous_38)
FN:444,(anonymous_39)
FN:455,(anonymous_40)
FN:466,(anonymous_41)
FN:477,(anonymous_42)
FN:488,(anonymous_43)
FN:499,(anonymous_44)
FN:510,(anonymous_45)
FN:521,(anonymous_46)
FN:532,(anonymous_47)
FN:543,(anonymous_48)
FN:554,(anonymous_49)
FN:565,(anonymous_50)
FN:576,(anonymous_51)
FN:587,(anonymous_52)
FN:598,(anonymous_53)
FN:608,(anonymous_54)
FN:619,(anonymous_55)
FN:630,(anonymous_56)
FN:640,(anonymous_57)
FN:651,(anonymous_58)
FN:662,(anonymous_59)
FN:673,(anonymous_60)
FN:684,(anonymous_61)
FN:695,(anonymous_62)
FN:706,(anonymous_63)
FN:717,(anonymous_64)
FN:727,(anonymous_65)
FN:738,(anonymous_66)
FN:749,(anonymous_67)
FN:760,(anonymous_68)
FN:771,(anonymous_69)
FN:782,(anonymous_70)
FN:793,(anonymous_71)
FN:804,(anonymous_72)
FN:815,(anonymous_73)
FN:826,(anonymous_74)
FN:837,(anonymous_75)
FN:848,(anonymous_76)
FN:859,(anonymous_77)
FN:870,(anonymous_78)
FN:881,(anonymous_79)
FN:892,(anonymous_80)
FN:903,(anonymous_81)
FN:914,(anonymous_82)
FN:925,(anonymous_83)
FN:936,(anonymous_84)
FN:947,(anonymous_85)
FN:958,(anonymous_86)
FN:969,(anonymous_87)
FN:980,(anonymous_88)
FN:991,(anonymous_89)
FN:1002,(anonymous_90)
FN:1013,(anonymous_91)
FN:1024,(anonymous_92)
FN:1035,(anonymous_93)
FN:1046,(anonymous_94)
FN:1057,(anonymous_95)
FN:1068,(anonymous_96)
FN:1076,(anonymous_97)
FN:1077,(anonymous_98)
FN:1078,(anonymous_99)
FNF:100
FNH:100
FNDA:1,(anonymous_0)
FNDA:1,(anonymous_1)
FNDA:1,(anonymous_2)
FNDA:1,(anonymous_3)
FNDA:1,(anonymous_4)
FNDA:1,(anonymous_5)
FNDA:1,(anonymous_6)
FNDA:1,(anonymous_7)
FNDA:1,(anonymous_8)
FNDA:1,(anonymous_9)
FNDA:1,(anonymous_10)
FNDA:1,(anonymous_11)
FNDA:1,(anonymous_12)
FNDA:1,(anonymous_13)
FNDA:1,(anonymous_14)
FNDA:1,(anonymous_15)
FNDA:1,(anonymous_16)
FNDA:1,(anonymous_17)
FNDA:1,(anonymous_18)
FNDA:1,(anonymous_19)
FNDA:1,(anonymous_20)
FNDA:1,(anonymous_21)
FNDA:1,(anonymous_22)
FNDA:1,(anonymous_23)
FNDA:1,(anonymous_24)
FNDA:1,(anonymous_25)
FNDA:1,(anonymous_26)
FNDA:1,(anonymous_27)
FNDA:1,(anonymous_28)
FNDA:1,(anonymous_29)
FNDA:1,(anonymous_30)
FNDA:1,(anonymous_31)
FNDA:1,(anonymous_32)
FNDA:1,(anonymous_33)
FNDA:1,(anonymous_34)
FNDA:1,(anonymous_35)
FNDA:1,(anonymous_36)
FNDA:1,(anonymous_37)
FNDA:1,(anonymous_38)
FNDA:1,(anonymous_39)
FNDA:1,(anonymous_40)
FNDA:1,(anonymous_41)
FNDA:1,(anonymous_42)
FNDA:1,(anonymous_43)
FNDA:1,(anonymous_44)
FNDA:1,(anonymous_45)
FNDA:1,(anonymous_46)
FNDA:1,(anonymous_47)
FNDA:1,(anonymous_48)
FNDA:1,(anonymous_49)
FNDA:1,(anonymous_50)
FNDA:1,(anonymous_51)
FNDA:1,(anonymous_52)
FNDA:1,(anonymous_53)
FNDA:1,(anonymous_54)
FNDA:1,(anonymous_55)
FNDA:1,(anonymous_56)
FNDA:1,(anonymous_57)
FNDA:1,(anonymous_58)
FNDA:1,(anonymous_59)
FNDA:1,(anonymous_60)
FNDA:1,(anonymous_61)
FNDA:1,(anonymous_62)
FNDA:1,(anonymous_63)
FNDA:1,(anonymous_64)
FNDA:1,(anonymous_65)
FNDA:1,(anonymous_66)
FNDA:1,(anonymous_67)
FNDA:1,(anonymous_68)
FNDA:1,(anonymous_69)
FNDA:1,(anonymous_70)
FNDA:1,(anonymous_71)
FNDA:1,(anonymous_72)
FNDA:1,(anonymous_73)
FNDA:1,(anonymous_74)
FNDA:1,(anonymous_75)
FNDA:1,(anonymous_76)
FNDA:1,(anonymous_77)
FNDA:1,(anonymous_78)
FNDA:1,(anonymous_79)
FNDA:1,(anonymous_80)
FNDA:1,(anonymous_81)
FNDA:1,(anonymous_82)
FNDA:1,(anonymous_83)
FNDA:1,(anonymous_84)
FNDA:1,(anonymous_85)
FNDA:1,(anonymous_86)
FNDA:1,(anonymous_87)
FNDA:1,(anonymous_88)
FNDA:1,(anonymous_89)
FNDA:1,(anonymous_90)
FNDA:1,(anonymous_91)
FNDA:1,(anonymous_92)
FNDA:1,(anonymous_93)
FNDA:1,(anonymous_94)
FNDA:1,(anonymous_95)
FNDA:1,(anonymous_96)
FNDA:1,(anonymous_97)
FNDA:1,(anonymous_98)
FNDA:1,(anonymous_99)
DA:9,1
DA:17,1
DA:18,1
DA:28,1
DA:29,1
DA:39,1
DA:40,1
DA:50,1
DA:51,1
DA:61,1
DA:62,1
DA:72,1
DA:73,1
DA:83,1
DA:84,1
DA:94,1
DA:95,1
DA:105,1
DA:106,1
DA:116,1
DA:117,1
DA:127,1
DA:128,1
DA:138,1
DA:139,1
DA:149,1
DA:150,1
DA:160,1
DA:161,1
DA:171,1
DA:172,1
DA:182,1
DA:183,1
DA:193,1
DA:194,1
DA:204,1
DA:205,1
DA:215,1
DA:216,1
DA:226,1
DA:227,1
DA:237,1
DA:238,1
DA:248,1
DA:249,1
DA:259,1
DA:260,1
DA:270,1
DA:271,1
DA:281,1
DA:282,1
DA:292,1
DA:293,1
DA:303,1
DA:304,1
DA:314,1
DA:315,1
DA:325,1
DA:326,1
DA:336,1
DA:337,1
DA:347,1
DA:348,1
DA:358,1
DA:359,1
DA:369,1
DA:370,1
DA:380,1
DA:381,1
DA:391,1
DA:392,1
DA:402,1
DA:403,1
DA:413,1
DA:414,1
DA:424,1
DA:425,1
DA:435,1
DA:436,1
DA:446,1
DA:447,1
DA:457,1
DA:458,1
DA:468,1
DA:469,1
DA:479,1
DA:480,1
DA:490,1
DA:491,1
DA:501,1
DA:502,1
DA:512,1
DA:513,1
DA:523,1
DA:524,1
DA:534,1
DA:535,1
DA:545,1
DA:546,1
DA:556,1
DA:557,1
DA:567,1
DA:568,1
DA:578,1
DA:579,1
DA:589,1
DA:590,1
DA:600,1
DA:610,1
DA:611,1
DA:621,1
DA:622,1
DA:632,1
DA:642,1
DA:643,1
DA:653,1
DA:654,1
DA:664,1
DA:665,1
DA:675,1
DA:676,1
DA:686,1
DA:687,1
DA:697,1
DA:698,1
DA:708,1
DA:709,1
DA:719,1
DA:729,1
DA:730,1
DA:740,1
DA:741,1
DA:751,1
DA:752,1
DA:762,1
DA:763,1
DA:773,1
DA:774,1
DA:784,1
DA:785,1
DA:795,1
DA:796,1
DA:806,1
DA:807,1
DA:817,1
DA:818,1
DA:828,1
DA:829,1
DA:839,1
DA:840,1
DA:850,1
DA:851,1
DA:861,1
DA:862,1
DA:872,1
DA:873,1
DA:883,1
DA:884,1
DA:894,1
DA:895,1
DA:905,1
DA:906,1
DA:916,1
DA:917,1
DA:927,1
DA:928,1
DA:938,1
DA:939,1
DA:949,1
DA:950,1
DA:960,1
DA:961,1
DA:971,1
DA:972,1
DA:982,1
DA:983,1
DA:993,1
DA:994,1
DA:1004,1
DA:1005,1
DA:1015,1
DA:1016,1
DA:1026,1
DA:1027,1
DA:1037,1
DA:1038,1
DA:1048,1
DA:1049,1
DA:1059,1
DA:1060,1
DA:1070,1
DA:1071,1
DA:1077,1
DA:1078,1
DA:1079,1
DA:1080,1
LF:196
LH:196
BRDA:9,0,0,1
BRDA:9,0,1,0
BRF:2
BRH:1
end_of_record
TN:
SF:127.0.0.13000/_next/static/chunks/app/page.js
FN:15,(anonymous_0)
FN:26,(anonymous_1)
FN:37,(anonymous_2)
FN:47,(anonymous_3)
FN:58,(anonymous_4)
FN:69,(anonymous_5)
FN:80,(anonymous_6)
FN:91,(anonymous_7)
FN:102,(anonymous_8)
FN:110,(anonymous_9)
FN:111,(anonymous_10)
FN:112,(anonymous_11)
FNF:12
FNH:4
FNDA:0,(anonymous_0)
FNDA:0,(anonymous_1)
FNDA:1,(anonymous_2)
FNDA:0,(anonymous_3)
FNDA:0,(anonymous_4)
FNDA:0,(anonymous_5)
FNDA:0,(anonymous_6)
FNDA:0,(anonymous_7)
FNDA:0,(anonymous_8)
FNDA:1,(anonymous_9)
FNDA:1,(anonymous_10)
FNDA:1,(anonymous_11)
DA:9,1
DA:17,0
DA:18,0
DA:28,0
DA:29,0
DA:39,1
DA:49,0
DA:50,0
DA:60,0
DA:61,0
DA:71,0
DA:72,0
DA:82,0
DA:83,0
DA:93,0
DA:94,0
DA:104,0
DA:105,0
DA:111,1
DA:112,1
DA:113,1
DA:114,1
LF:22
LH:6
BRDA:9,0,0,1
BRDA:9,0,1,0
BRF:2
BRH:1
end_of_record
TN:
SF:127.0.0.13000/_next/static/chunks/app-pages-internals.js
FN:15,(anonymous_0)
FN:25,(anonymous_1)
FN:36,(anonymous_2)
FN:47,(anonymous_3)
FN:58,(anonymous_4)
FN:69,(anonymous_5)
FN:80,(anonymous_6)
FN:91,(anonymous_7)
FN:102,(anonymous_8)
FN:113,(anonymous_9)
FN:124,(anonymous_10)
FN:135,(anonymous_11)
FN:146,(anonymous_12)
FN:157,(anonymous_13)
FN:168,(anonymous_14)
FN:179,(anonymous_15)
FN:190,(anonymous_16)
FN:198,(anonymous_17)
FN:199,(anonymous_18)
FN:200,(anonymous_19)
FNF:20
FNH:14
FNDA:1,(anonymous_0)
FNDA:1,(anonymous_1)
FNDA:1,(anonymous_2)
FNDA:1,(anonymous_3)
FNDA:1,(anonymous_4)
FNDA:1,(anonymous_5)
FNDA:1,(anonymous_6)
FNDA:1,(anonymous_7)
FNDA:0,(anonymous_8)
FNDA:0,(anonymous_9)
FNDA:0,(anonymous_10)
FNDA:0,(anonymous_11)
FNDA:1,(anonymous_12)
FNDA:0,(anonymous_13)
FNDA:1,(anonymous_14)
FNDA:1,(anonymous_15)
FNDA:0,(anonymous_16)
FNDA:1,(anonymous_17)
FNDA:1,(anonymous_18)
FNDA:1,(anonymous_19)
DA:9,1
DA:17,1
DA:27,1
DA:28,1
DA:38,1
DA:39,1
DA:49,1
DA:50,1
DA:60,1
DA:61,1
DA:71,1
DA:72,1
DA:82,1
DA:83,1
DA:93,1
DA:94,1
DA:104,0
DA:105,0
DA:115,0
DA:116,0
DA:126,0
DA:127,0
DA:137,0
DA:138,0
DA:148,1
DA:149,1
DA:159,0
DA:160,0
DA:170,1
DA:171,1
DA:181,1
DA:182,1
DA:192,0
DA:193,0
DA:199,1
DA:200,1
DA:201,1
DA:202,1
LF:38
LH:26
BRDA:9,0,0,1
BRDA:9,0,1,0
BRF:2
BRH:1
end_of_record
